> assert <- function(xx,label) {
+   cat(label)
+   # if ( is.raw(xx) && ( label == 5 ) ) browser()
+   cat("a")
+   if ( ! identical(( s %~% 'R.get("xx")._1' ), xx) ) stop("Not identical (test 1)")
+   cat("b")
+   if ( ! identical(( s %~% 'R.xx._1' ), xx) ) stop("Not identical (test 2)")
+   cat("c")
+   s$xx <- xx
+   s %@% 'R.a = xx'
+   if ( ! identical(a, xx) ) {
+     stop("Not identical (test 3)")
+   }
+   cat("d")
+   if ( ! identical(s$.R$get("xx")$"_1"(), xx) ) stop("Not identical (test 4)")
+   cat("e")
+   m <- function() s %!% 'R.get("xx")._1'
+   if ( ! identical(m(), xx) ) stop("Not identical (test 5)")
+   cat(" ")
+ }
> 
> row.major <- FALSE
> source("common.R",print.eval=TRUE)
# R version 3.4.1 (2017-06-30) # cochran # TRUE # TRUE
> 
> y <- c(0,1,2,3,4,5,6,8)
> for ( x in list(as.integer(y),as.double(y),as.logical(y),as.character(y),as.raw(y)) ) {
+   cat("Class is",class(x),"\n")
+   assert(x[1],1)
+   assert(x[2],2)
+   assert(x,3)
+   assert(matrix(x,nrow=1),4)
+   assert(matrix(x,nrow=2),5)
+   assert(matrix(x,nrow=4),6)
+   cat("\n")
+ }
Class is integer 
1abcde 2abcde 3abcde 4abcde 5abcde 6abcde 
Class is numeric 
1abcde 2abcde 3abcde 4abcde 5abcde 6abcde 
Class is logical 
1abcde 2abcde 3abcde 4abcde 5abcde 6abcde 
Class is character 
1abcde 2abcde 3abcde 4abcde 5abcde 6abcde 
Class is raw 
1abcde 2abcde 3abcde 4abcde 5abcde 6abcde 
> 
> row.major <- TRUE
> source("common.R",print.eval=TRUE)
# R version 3.4.1 (2017-06-30) # cochran # TRUE # TRUE
> 
> y <- c(0,1,2,3,4,5,6,8)
> for ( x in list(as.integer(y),as.double(y),as.logical(y),as.character(y),as.raw(y)) ) {
+   cat("Class is",class(x),"\n")
+   assert(x[1],1)
+   assert(x[2],2)
+   assert(x,3)
+   assert(matrix(x,nrow=1),4)
+   assert(matrix(x,nrow=2),5)
+   assert(matrix(x,nrow=4),6)
+   cat("\n")
+ }
Class is integer 
1abcde 2abcde 3abcde 4abcde 5abcde 6abcde 
Class is numeric 
1abcde 2abcde 3abcde 4abcde 5abcde 6abcde 
Class is logical 
1abcde 2abcde 3abcde 4abcde 5abcde 6abcde 
Class is character 
1abcde 2abcde 3abcde 4abcde 5abcde 6abcde 
Class is raw 
1abcde 2abcde 3abcde 4abcde 5abcde 6abcde 
> 
> 
> #### Callbacks with named arguments
> 
> mySort <- function(x=NULL,ascending=TRUE) s %!% '
+   R.invokeD1( EphemeralReference("sort"), x, "decreasing" -> ! ascending )
+ '
> 
> set.seed(13242)
> mySort(runif(12),FALSE)
 [1] 0.964528786 0.931479614 0.915030151 0.760027263 0.748870265 0.689618096
 [7] 0.631741739 0.619262272 0.486731296 0.346336568 0.234644646 0.009991797
> 
> #### Get: Unsupported type
> 
> g <- list(3)
> tryCatch(s %@% 'R.g', error=function(e) e)
java.lang.RuntimeException: Unsupported data type.
  at org.ddahl.rscala.RClient.getInternal(RClient.scala:581)
  at org.ddahl.rscala.RClient.get(RClient.scala:533)
  at org.ddahl.rscala.RClient.selectDynamic(RClient.scala:339)
  ... 60 elided
<simpleError in scalaEval(interpreter, snippet, parent.frame()): Error in evaluation.>
> s %~% "3-2"
[1] 1
> 
> #### Get Undefined items
> 
> tryCatch(s %@% 'R.ggg', error=function(e) e)
java.lang.RuntimeException: Undefined identifier.
  at org.ddahl.rscala.RClient.getInternal(RClient.scala:580)
  at org.ddahl.rscala.RClient.get(RClient.scala:533)
  at org.ddahl.rscala.RClient.selectDynamic(RClient.scala:339)
  ... 60 elided
<simpleError in scalaEval(interpreter, snippet, parent.frame()): Error in evaluation.>
> s %~% "3+0"
[1] 3
> 
> #### Set: Unsupported non-array type
> 
> tryCatch(s %@% 'R.x = List(1,2,3)', error=function(e) e)
java.lang.RuntimeException: Unsupported non-array type.
  at org.ddahl.rscala.RClient.set(RClient.scala:499)
  at org.ddahl.rscala.RClient.set(RClient.scala:350)
  at org.ddahl.rscala.RClient.updateDynamic(RClient.scala:347)
  ... 60 elided
<simpleError in scalaEval(interpreter, snippet, parent.frame()): Error in evaluation.>
> s %~% "3+2"
[1] 5
> 
> #### Set: Unsupported array type
> 
> tryCatch(s %@% 'R.x = Array(new scala.util.Random())', error=function(e) e)
java.lang.RuntimeException: Unsupported array type.
  at org.ddahl.rscala.RClient.set(RClient.scala:499)
  at org.ddahl.rscala.RClient.set(RClient.scala:350)
  at org.ddahl.rscala.RClient.updateDynamic(RClient.scala:347)
  ... 60 elided
<simpleError in scalaEval(interpreter, snippet, parent.frame()): Error in evaluation.>
> s %~% "3+4"
[1] 7
> 
> #### Set: Unsupported ragged array type
> 
> tryCatch(s %@% 'R.x = Array(Array(1.0),Array(2.0,3.0))', error=function(e) e)
java.lang.RuntimeException: Ragged arrays are not supported.
  at org.ddahl.rscala.RClient.set(RClient.scala:499)
  at org.ddahl.rscala.RClient.set(RClient.scala:350)
  at org.ddahl.rscala.RClient.updateDynamic(RClient.scala:347)
  ... 60 elided
<simpleError in scalaEval(interpreter, snippet, parent.frame()): Error in evaluation.>
> s %~% "3+6"
[1] 9
> 
> #### Setting with indices using single brackets
> 
> x <- matrix(1:4,nrow=2)
> y <- x
> s %@% 'R.set("x",Array(Array(10.0)),"1,1",false)'
> y[1,1] <- 10
> identical(x,y)
[1] TRUE
> 
> tryCatch(s %@% 'R.set("x",Array(Array(10.0)),"1,1asdf",false)', error=function(e) e)
Error in parse(text = paste0(x, brackets[1], i, brackets[2], " <- .rscala.set.value")) : 
  <text>:1:7: unexpected symbol
1: x[[1,1asdf
          ^
<text>:1:7: unexpected symbol
1: x[[1,1asdf
          ^
java.lang.RuntimeException: Error in R evaluation.
  at org.ddahl.rscala.RClient.set(RClient.scala:506)
  ... 60 elided
<simpleError in scalaEval(interpreter, snippet, parent.frame()): Error in evaluation.>
> s %~% '"Okay 1"'
[1] "Okay 1"
> 
> #### Setting with indices using double brackets
> 
> x <- as.list(letters)
> y <- x
> s %@% 'R.set("x","Z","26",true)'
> y[[26]] <- "Z"
> identical(x,y)
[1] TRUE
> 
> s %@% 'R.set("x","Z","\'bob\'",true)'
> y[["bob"]] <- "Z"
> identical(x,y)
[1] TRUE
> s %~% '"Okay 2"'
[1] "Okay 2"
> 
> ####
> 
> counter <- 0
> for ( i in 1:10 ) {
+   s %~% 'R.eval("counter <- counter + 1")'
+ }
> if ( counter != 10 ) stop("Counter is off.")
> for ( i in 1:10 ) {
+   s$.R$eval("counter <<- counter - 1")
+ }
> if ( counter != 0 ) stop("Counter is off.")
> 
> 
> # Should be a compile-time error because 'ewf' is not defined.
> tryCatch(s %~% '
+   3+4+ewf
+   R.eval("""
+     cat("I love Lisa!\n")
+     a <- "3+9"
+   """)
+ ',error=function(e) e)
<console>:15: error: not found: value ewf
  3+4+ewf
      ^
<simpleError in scalaEval(interpreter, snippet, workspace): Error in evaluation.>
> s %~% '3+2'
[1] 5
> 
> 
> # Should be an R evaluation error because 'asfd' is not defined and out of place.
> tryCatch(s %~% '
+   3+4
+   R.eval("""
+     cat("I love Lisa!\n")
+     a <- "3+9" asfd
+   """)
+ ',error=function(e) e)
<console>:15: warning: a pure expression does nothing in statement position; you may be omitting necessary parentheses
  3+4
   ^
Error in parse(text = snippet) : <text>:4:16: unexpected symbol
3: ")
4:     a <- "3+9" asfd
                  ^
<text>:4:16: unexpected symbol
3: ")
4:     a <- "3+9" asfd
                  ^
java.lang.RuntimeException: Error in R evaluation.
  at org.ddahl.rscala.RClient.eval(RClient.scala:134)
  at org.ddahl.rscala.RClient.eval(RClient.scala:145)
  ... 60 elided
<simpleError in scalaEval(interpreter, snippet, workspace): Error in evaluation.>
> s %~% '3+6'
[1] 9
> 
> ###
> 
> myMean <- function(data,offset) {
+   cat("Here is am.\n")
+   mean(data+offset)
+ }
> 
> callRFunction <- function(func=NULL, x=numeric(), y=NULL) s %!% '
+   R.invokeD1(func,x.map(2*_).map(_.getClass),y)
+ '
> 
> tryCatch(callRFunction(myMean,1:4,5), error=function(e) e)
java.lang.reflect.InvocationTargetException
	at sun.reflect.GeneratedMethodAccessor2.invoke(Unknown Source)
	at sun.reflect.DelegatingMethodAccessorImpl.invoke(DelegatingMethodAccessorImpl.java:43)
	at java.lang.reflect.Method.invoke(Method.java:498)
	at org.ddahl.rscala.server.ScalaServer.doInvoke(ScalaServer.scala:101)
	at org.ddahl.rscala.server.ScalaServer.org$ddahl$rscala$server$ScalaServer$$heart(ScalaServer.scala:440)
	at org.ddahl.rscala.server.ScalaServer$$anonfun$run$1$$anonfun$apply$mcV$sp$1.apply$mcV$sp(ScalaServer.scala:461)
	at org.ddahl.rscala.server.ScalaServer$$anonfun$run$1$$anonfun$apply$mcV$sp$1.apply(ScalaServer.scala:461)
	at org.ddahl.rscala.server.ScalaServer$$anonfun$run$1$$anonfun$apply$mcV$sp$1.apply(ScalaServer.scala:461)
	at scala.util.DynamicVariable.withValue(DynamicVariable.scala:58)
	at scala.Console$.withErr(Console.scala:92)
	at org.ddahl.rscala.server.ScalaServer$$anonfun$run$1.apply$mcV$sp(ScalaServer.scala:460)
	at org.ddahl.rscala.server.ScalaServer$$anonfun$run$1.apply(ScalaServer.scala:460)
	at org.ddahl.rscala.server.ScalaServer$$anonfun$run$1.apply(ScalaServer.scala:460)
	at scala.util.DynamicVariable.withValue(DynamicVariable.scala:58)
	at scala.Console$.withOut(Console.scala:65)
	at org.ddahl.rscala.server.ScalaServer.run(ScalaServer.scala:459)
	at org.ddahl.rscala.server.Main$.delayedEndpoint$org$ddahl$rscala$server$Main$1(Main.scala:5)
	at org.ddahl.rscala.server.Main$delayedInit$body.apply(Main.scala:3)
	at scala.Function0$class.apply$mcV$sp(Function0.scala:34)
	at scala.runtime.AbstractFunction0.apply$mcV$sp(AbstractFunction0.scala:12)
	at scala.App$$anonfun$main$1.apply(App.scala:76)
	at scala.App$$anonfun$main$1.apply(App.scala:76)
	at scala.collection.immutable.List.foreach(List.scala:392)
	at scala.collection.generic.TraversableForwarder$class.foreach(TraversableForwarder.scala:35)
	at scala.App$class.main(App.scala:76)
	at org.ddahl.rscala.server.Main$.main(Main.scala:3)
	at org.ddahl.rscala.server.Main.main(Main.scala)
	at sun.reflect.NativeMethodAccessorImpl.invoke0(Native Method)
	at sun.reflect.NativeMethodAccessorImpl.invoke(NativeMethodAccessorImpl.java:62)
	at sun.reflect.DelegatingMethodAccessorImpl.invoke(DelegatingMethodAccessorImpl.java:43)
	at java.lang.reflect.Method.invoke(Method.java:498)
	at scala.reflect.internal.util.ScalaClassLoader$$anonfun$run$1.apply(ScalaClassLoader.scala:70)
	at scala.reflect.internal.util.ScalaClassLoader$class.asContext(ScalaClassLoader.scala:31)
	at scala.reflect.internal.util.ScalaClassLoader$URLClassLoader.asContext(ScalaClassLoader.scala:101)
	at scala.reflect.internal.util.ScalaClassLoader$class.run(ScalaClassLoader.scala:70)
	at scala.reflect.internal.util.ScalaClassLoader$URLClassLoader.run(ScalaClassLoader.scala:101)
	at scala.tools.nsc.CommonRunner$class.run(ObjectRunner.scala:22)
	at scala.tools.nsc.ObjectRunner$.run(ObjectRunner.scala:39)
	at scala.tools.nsc.CommonRunner$class.runAndCatch(ObjectRunner.scala:29)
	at scala.tools.nsc.ObjectRunner$.runAndCatch(ObjectRunner.scala:39)
	at scala.tools.nsc.MainGenericRunner.runTarget$1(MainGenericRunner.scala:65)
	at scala.tools.nsc.MainGenericRunner.run$1(MainGenericRunner.scala:87)
	at scala.tools.nsc.MainGenericRunner.process(MainGenericRunner.scala:98)
	at scala.tools.nsc.MainGenericRunner$.main(MainGenericRunner.scala:103)
	at scala.tools.nsc.MainGenericRunner.main(MainGenericRunner.scala)
Caused by: java.lang.RuntimeException: Unsupported array type.
	at org.ddahl.rscala.RClient.set(RClient.scala:499)
	at org.ddahl.rscala.RClient.set(RClient.scala:350)
	at org.ddahl.rscala.RClient$$anonfun$1.apply(RClient.scala:315)
	at org.ddahl.rscala.RClient$$anonfun$1.apply(RClient.scala:301)
	at scala.collection.TraversableLike$$anonfun$map$1.apply(TraversableLike.scala:234)
	at scala.collection.TraversableLike$$anonfun$map$1.apply(TraversableLike.scala:234)
	at scala.collection.IndexedSeqOptimized$class.foreach(IndexedSeqOptimized.scala:33)
	at scala.collection.mutable.WrappedArray.foreach(WrappedArray.scala:35)
	at scala.collection.TraversableLike$class.map(TraversableLike.scala:234)
	at scala.collection.AbstractTraversable.map(Traversable.scala:104)
	at org.ddahl.rscala.RClient.mkSnippet(RClient.scala:301)
	at org.ddahl.rscala.RClient.invokeD1(RClient.scala:244)
	at $line347.$read$$iw$$iw$$anonfun$1.apply(<console>:21)
	at $line347.$read$$iw$$iw$$anonfun$1.apply(<console>:16)
	... 45 more
java.lang.reflect.InvocationTargetException
java.lang.RuntimeException: Unsupported array type.
<simpleError in doTryCatch(return(expr), name, parentenv, handler): Invocation error.>
> s %~% "3+4"
[1] 7
> 
> callRFunction <- function(func=NULL, x=numeric(), y=NULL) s %!% '
+   R.invokeD1(func,x.map(2*_),y)
+ '
> 
> callRFunction(myMean,y=0,x=1:100)
Here is am.
[1] 101
> 
> callRFunction0D2 <- function(func=NULL) s %!% 'R.invokeD2(func)'
> callRFunction0D2(gc)
       [,1] [,2]    [,3] [,4]    [,5] [,6]
[1,] 342018 18.3  592000 31.7  460000 24.6
[2,] 650614  5.0 1213977  9.3 1043008  8.0
Warning messages:
1: In .Internal(gc(verbose, reset)) :
  closing unused connection 4 (->localhost:35049)
2: In .Internal(gc(verbose, reset)) :
  closing unused connection 3 (->localhost:34518)
> 
> tryCatch(callRFunction(1:100),error = function(e) {})
Error in func(.rsX0, y) : could not find function "func"
could not find function "func"
java.lang.reflect.InvocationTargetException
	at sun.reflect.GeneratedMethodAccessor2.invoke(Unknown Source)
	at sun.reflect.DelegatingMethodAccessorImpl.invoke(DelegatingMethodAccessorImpl.java:43)
	at java.lang.reflect.Method.invoke(Method.java:498)
	at org.ddahl.rscala.server.ScalaServer.doInvoke(ScalaServer.scala:101)
	at org.ddahl.rscala.server.ScalaServer.org$ddahl$rscala$server$ScalaServer$$heart(ScalaServer.scala:440)
	at org.ddahl.rscala.server.ScalaServer$$anonfun$run$1$$anonfun$apply$mcV$sp$1.apply$mcV$sp(ScalaServer.scala:461)
	at org.ddahl.rscala.server.ScalaServer$$anonfun$run$1$$anonfun$apply$mcV$sp$1.apply(ScalaServer.scala:461)
	at org.ddahl.rscala.server.ScalaServer$$anonfun$run$1$$anonfun$apply$mcV$sp$1.apply(ScalaServer.scala:461)
	at scala.util.DynamicVariable.withValue(DynamicVariable.scala:58)
	at scala.Console$.withErr(Console.scala:92)
	at org.ddahl.rscala.server.ScalaServer$$anonfun$run$1.apply$mcV$sp(ScalaServer.scala:460)
	at org.ddahl.rscala.server.ScalaServer$$anonfun$run$1.apply(ScalaServer.scala:460)
	at org.ddahl.rscala.server.ScalaServer$$anonfun$run$1.apply(ScalaServer.scala:460)
	at scala.util.DynamicVariable.withValue(DynamicVariable.scala:58)
	at scala.Console$.withOut(Console.scala:65)
	at org.ddahl.rscala.server.ScalaServer.run(ScalaServer.scala:459)
	at org.ddahl.rscala.server.Main$.delayedEndpoint$org$ddahl$rscala$server$Main$1(Main.scala:5)
	at org.ddahl.rscala.server.Main$delayedInit$body.apply(Main.scala:3)
	at scala.Function0$class.apply$mcV$sp(Function0.scala:34)
	at scala.runtime.AbstractFunction0.apply$mcV$sp(AbstractFunction0.scala:12)
	at scala.App$$anonfun$main$1.apply(App.scala:76)
	at scala.App$$anonfun$main$1.apply(App.scala:76)
	at scala.collection.immutable.List.foreach(List.scala:392)
	at scala.collection.generic.TraversableForwarder$class.foreach(TraversableForwarder.scala:35)
	at scala.App$class.main(App.scala:76)
	at org.ddahl.rscala.server.Main$.main(Main.scala:3)
	at org.ddahl.rscala.server.Main.main(Main.scala)
	at sun.reflect.NativeMethodAccessorImpl.invoke0(Native Method)
	at sun.reflect.NativeMethodAccessorImpl.invoke(NativeMethodAccessorImpl.java:62)
	at sun.reflect.DelegatingMethodAccessorImpl.invoke(DelegatingMethodAccessorImpl.java:43)
	at java.lang.reflect.Method.invoke(Method.java:498)
	at scala.reflect.internal.util.ScalaClassLoader$$anonfun$run$1.apply(ScalaClassLoader.scala:70)
	at scala.reflect.internal.util.ScalaClassLoader$class.asContext(ScalaClassLoader.scala:31)
	at scala.reflect.internal.util.ScalaClassLoader$URLClassLoader.asContext(ScalaClassLoader.scala:101)
	at scala.reflect.internal.util.ScalaClassLoader$class.run(ScalaClassLoader.scala:70)
	at scala.reflect.internal.util.ScalaClassLoader$URLClassLoader.run(ScalaClassLoader.scala:101)
	at scala.tools.nsc.CommonRunner$class.run(ObjectRunner.scala:22)
	at scala.tools.nsc.ObjectRunner$.run(ObjectRunner.scala:39)
	at scala.tools.nsc.CommonRunner$class.runAndCatch(ObjectRunner.scala:29)
	at scala.tools.nsc.ObjectRunner$.runAndCatch(ObjectRunner.scala:39)
	at scala.tools.nsc.MainGenericRunner.runTarget$1(MainGenericRunner.scala:65)
	at scala.tools.nsc.MainGenericRunner.run$1(MainGenericRunner.scala:87)
	at scala.tools.nsc.MainGenericRunner.process(MainGenericRunner.scala:98)
	at scala.tools.nsc.MainGenericRunner$.main(MainGenericRunner.scala:103)
	at scala.tools.nsc.MainGenericRunner.main(MainGenericRunner.scala)
Caused by: java.lang.RuntimeException: Error in R evaluation.
	at org.ddahl.rscala.RClient.eval(RClient.scala:134)
	at org.ddahl.rscala.RClient.evalD1(RClient.scala:169)
	at org.ddahl.rscala.RClient.invokeD1(RClient.scala:244)
	at $line351.$read$$iw$$iw$$anonfun$1.apply(<console>:21)
	at $line351.$read$$iw$$iw$$anonfun$1.apply(<console>:16)
	... 45 more
java.lang.reflect.InvocationTargetException
java.lang.RuntimeException: Error in R evaluation.
NULL
> 
> # Should be an R evaluation error because 'asfd' is not a package.
> tryCatch(s %@% 'R.eval("library(asdf)")',error=function(e) e)
Error in library(asdf) : there is no package called ‘asdf’
there is no package called ‘asdf’
java.lang.RuntimeException: Error in R evaluation.
  at org.ddahl.rscala.RClient.eval(RClient.scala:134)
  at org.ddahl.rscala.RClient.eval(RClient.scala:145)
  ... 60 elided
<simpleError in scalaEval(interpreter, snippet, parent.frame()): Error in evaluation.>
> s %~% 'R.evalD0("3+4")'
[1] 7
> 
> # Note that callbacks can be infinitely deep.
> s %~% "3+4"
[1] 7
> s %~% 'R.evalD0("""s %~% "2+3"""")'
[1] 5
> s %~% "3+4"
[1] 7
> 
> 
> 
